<?xml version="1.0" encoding="UTF-8"?>
<!-- Generated by org.testng.reporters.JUnitXMLReporter -->
<testsuite hostname="DESKTOP-CG9G5TL" ignored="0" name="assignmets" tests="3" failures="0" timestamp="16 May 2019 17:29:52 GMT" time="18.395" errors="0">
  <testcase name="rediffUnlimitedStorage" time="0.667" classname="testNG.Assignment"/>
  <testcase name="elementsInDropdowns" time="0.04" classname="testNG.Assignment"/>
  <testcase name="availableDefault" time="0.002" classname="testNG.Assignment"/>
</testsuite> <!-- assignmets -->
