<?xml version="1.0" encoding="UTF-8"?>
<!-- Generated by org.testng.reporters.JUnitXMLReporter -->
<testsuite hostname="DESKTOP-CG9G5TL" ignored="0" name="Test1" tests="12" failures="0" timestamp="21 Oct 2019 03:31:19 GMT" time="0.104" errors="0">
  <testcase name="test1" time="0.016" classname="com.parallel.ParallelTest2"/>
  <testcase name="test1" time="0.016" classname="com.parallel.ParallelTestExecution"/>
  <testcase name="test2" time="0.002" classname="com.parallel.ParallelTestExecution"/>
  <testcase name="test3" time="0.002" classname="com.parallel.ParallelTestExecution"/>
  <testcase name="test4" time="0.002" classname="com.parallel.ParallelTestExecution"/>
  <testcase name="test2" time="0.006" classname="com.parallel.ParallelTest2"/>
  <testcase name="test3" time="0.002" classname="com.parallel.ParallelTest2"/>
  <testcase name="test4" time="0.001" classname="com.parallel.ParallelTest2"/>
  <testcase name="test5" time="0.002" classname="com.parallel.ParallelTest2"/>
  <testcase name="test6" time="0.001" classname="com.parallel.ParallelTest2"/>
  <testcase name="test5" time="0.026" classname="com.parallel.ParallelTestExecution"/>
  <testcase name="test6" time="0.002" classname="com.parallel.ParallelTestExecution"/>
</testsuite> <!-- Test1 -->
