<?xml version="1.0" encoding="UTF-8"?>
<testng-results skipped="0" failed="1" ignored="0" total="3" passed="2">
  <reporter-output>
  </reporter-output>
  <suite name="Default suite" duration-ms="80341" started-at="2019-11-04T04:57:23Z" finished-at="2019-11-04T04:58:43Z">
    <groups>
    </groups>
    <test name="Default test" duration-ms="80341" started-at="2019-11-04T04:57:23Z" finished-at="2019-11-04T04:58:43Z">
      <class name="naukri.Naukri">
        <test-method status="PASS" signature="pre()[pri:0, instance:naukri.Naukri@59ec2012]" name="pre" is-config="true" duration-ms="42999" started-at="2019-11-04T04:57:23Z" finished-at="2019-11-04T04:58:06Z">
          <reporter-output>
          </reporter-output>
        </test-method> <!-- pre -->
        <test-method status="FAIL" signature="firstWindow()[pri:0, instance:naukri.Naukri@59ec2012]" name="firstWindow" duration-ms="16177" started-at="2019-11-04T04:58:06Z" finished-at="2019-11-04T04:58:22Z">
          <exception class="org.openqa.selenium.NoAlertPresentException">
            <message>
              <![CDATA[
Build info: version: '3.141.59', revision: 'e82be7d358', time: '2018-11-14T08:25:53'
System info: host: 'DESKTOP-CG9G5TL', ip: '192.168.43.50', os.name: 'Windows 10', os.arch: 'amd64', os.version: '10.0', java.version: '1.8.0_201'
Driver info: org.openqa.selenium.firefox.FirefoxDriver
Capabilities {acceptInsecureCerts: true, browserName: firefox, browserVersion: 67.0.4, javascriptEnabled: true, moz:accessibilityChecks: false, moz:buildID: 20190619235627, moz:geckodriverVersion: 0.24.0, moz:headless: false, moz:processID: 7256, moz:profile: C:\Users\Nagasesha Reddy\Ap..., moz:shutdownTimeout: 60000, moz:useNonSpecCompliantPointerOrigin: false, moz:webdriverClick: true, pageLoadStrategy: normal, platform: WINDOWS, platformName: WINDOWS, platformVersion: 10.0, rotatable: false, setWindowRect: true, strictFileInteractability: false, timeouts: {implicit: 0, pageLoad: 300000, script: 30000}, unhandledPromptBehavior: dismiss and notify}
Session ID: 36a79306-63bf-438c-9a62-cfeb402f87b0]]>
            </message>
            <full-stacktrace>
              <![CDATA[org.openqa.selenium.NoAlertPresentException: 
Build info: version: '3.141.59', revision: 'e82be7d358', time: '2018-11-14T08:25:53'
System info: host: 'DESKTOP-CG9G5TL', ip: '192.168.43.50', os.name: 'Windows 10', os.arch: 'amd64', os.version: '10.0', java.version: '1.8.0_201'
Driver info: org.openqa.selenium.firefox.FirefoxDriver
Capabilities {acceptInsecureCerts: true, browserName: firefox, browserVersion: 67.0.4, javascriptEnabled: true, moz:accessibilityChecks: false, moz:buildID: 20190619235627, moz:geckodriverVersion: 0.24.0, moz:headless: false, moz:processID: 7256, moz:profile: C:\Users\Nagasesha Reddy\Ap..., moz:shutdownTimeout: 60000, moz:useNonSpecCompliantPointerOrigin: false, moz:webdriverClick: true, pageLoadStrategy: normal, platform: WINDOWS, platformName: WINDOWS, platformVersion: 10.0, rotatable: false, setWindowRect: true, strictFileInteractability: false, timeouts: {implicit: 0, pageLoad: 300000, script: 30000}, unhandledPromptBehavior: dismiss and notify}
Session ID: 36a79306-63bf-438c-9a62-cfeb402f87b0
at sun.reflect.NativeConstructorAccessorImpl.newInstance0(Native Method)
at sun.reflect.NativeConstructorAccessorImpl.newInstance(Unknown Source)
at sun.reflect.DelegatingConstructorAccessorImpl.newInstance(Unknown Source)
at java.lang.reflect.Constructor.newInstance(Unknown Source)
at org.openqa.selenium.remote.http.W3CHttpResponseCodec.createException(W3CHttpResponseCodec.java:187)
at org.openqa.selenium.remote.http.W3CHttpResponseCodec.decode(W3CHttpResponseCodec.java:122)
at org.openqa.selenium.remote.http.W3CHttpResponseCodec.decode(W3CHttpResponseCodec.java:49)
at org.openqa.selenium.remote.HttpCommandExecutor.execute(HttpCommandExecutor.java:158)
at org.openqa.selenium.remote.service.DriverCommandExecutor.execute(DriverCommandExecutor.java:83)
at org.openqa.selenium.remote.RemoteWebDriver.execute(RemoteWebDriver.java:552)
at org.openqa.selenium.remote.RemoteWebDriver.execute(RemoteWebDriver.java:609)
at org.openqa.selenium.remote.RemoteWebDriver$RemoteTargetLocator.alert(RemoteWebDriver.java:932)
at naukri.Naukri.firstWindow(Naukri.java:51)
at sun.reflect.NativeMethodAccessorImpl.invoke0(Native Method)
at sun.reflect.NativeMethodAccessorImpl.invoke(Unknown Source)
at sun.reflect.DelegatingMethodAccessorImpl.invoke(Unknown Source)
at java.lang.reflect.Method.invoke(Unknown Source)
at org.testng.internal.MethodInvocationHelper.invokeMethod(MethodInvocationHelper.java:124)
at org.testng.internal.Invoker.invokeMethod(Invoker.java:583)
at org.testng.internal.Invoker.invokeTestMethod(Invoker.java:719)
at org.testng.internal.Invoker.invokeTestMethods(Invoker.java:989)
at org.testng.internal.TestMethodWorker.invokeTestMethods(TestMethodWorker.java:125)
at org.testng.internal.TestMethodWorker.run(TestMethodWorker.java:109)
at org.testng.TestRunner.privateRun(TestRunner.java:648)
at org.testng.TestRunner.run(TestRunner.java:505)
at org.testng.SuiteRunner.runTest(SuiteRunner.java:455)
at org.testng.SuiteRunner.runSequentially(SuiteRunner.java:450)
at org.testng.SuiteRunner.privateRun(SuiteRunner.java:415)
at org.testng.SuiteRunner.run(SuiteRunner.java:364)
at org.testng.SuiteRunnerWorker.runSuite(SuiteRunnerWorker.java:52)
at org.testng.SuiteRunnerWorker.run(SuiteRunnerWorker.java:84)
at org.testng.TestNG.runSuitesSequentially(TestNG.java:1208)
at org.testng.TestNG.runSuitesLocally(TestNG.java:1137)
at org.testng.TestNG.runSuites(TestNG.java:1049)
at org.testng.TestNG.run(TestNG.java:1017)
at org.testng.remote.AbstractRemoteTestNG.run(AbstractRemoteTestNG.java:115)
at org.testng.remote.RemoteTestNG.initAndRun(RemoteTestNG.java:251)
at org.testng.remote.RemoteTestNG.main(RemoteTestNG.java:77)
]]>
            </full-stacktrace>
          </exception> <!-- org.openqa.selenium.NoAlertPresentException -->
          <reporter-output>
          </reporter-output>
        </test-method> <!-- firstWindow -->
        <test-method status="PASS" signature="secondWindow()[pri:1, instance:naukri.Naukri@59ec2012]" name="secondWindow" duration-ms="12110" started-at="2019-11-04T04:58:22Z" finished-at="2019-11-04T04:58:34Z">
          <reporter-output>
          </reporter-output>
        </test-method> <!-- secondWindow -->
        <test-method status="PASS" signature="thardWindow()[pri:2, instance:naukri.Naukri@59ec2012]" name="thardWindow" duration-ms="5539" started-at="2019-11-04T04:58:34Z" finished-at="2019-11-04T04:58:40Z">
          <reporter-output>
          </reporter-output>
        </test-method> <!-- thardWindow -->
        <test-method status="PASS" signature="post()[pri:0, instance:naukri.Naukri@59ec2012]" name="post" is-config="true" duration-ms="3500" started-at="2019-11-04T04:58:40Z" finished-at="2019-11-04T04:58:43Z">
          <reporter-output>
          </reporter-output>
        </test-method> <!-- post -->
      </class> <!-- naukri.Naukri -->
    </test> <!-- Default test -->
  </suite> <!-- Default suite -->
</testng-results>
